0 info it worked if it ends with ok
1 verbose cli [ '/usr/local/Cellar/node/6.4.0/bin/node',
1 verbose cli   '/usr/local/bin/npm',
1 verbose cli   'install',
1 verbose cli   '--scope=ibm',
1 verbose cli   '@design/fonts',
1 verbose cli   '--save' ]
2 info using npm@3.10.6
3 info using node@v6.4.0
4 silly loadCurrentTree Starting
5 silly install loadCurrentTree
6 silly install readLocalPackageData
7 silly fetchPackageMetaData @design/fonts
8 silly fetchNamedPackageData @design/fonts
9 silly mapToRegistry name @design/fonts
10 silly mapToRegistry scope (from package name) @design
11 verbose mapToRegistry no registry URL found in name for scope @design
12 silly mapToRegistry scope (from config) @ibm
13 verbose mapToRegistry no registry URL found in config for scope @ibm
14 silly mapToRegistry using default registry
15 silly mapToRegistry registry https://registry.npmjs.org/
16 silly mapToRegistry data Result {
16 silly mapToRegistry   raw: '@design/fonts',
16 silly mapToRegistry   scope: '@design',
16 silly mapToRegistry   escapedName: '@design%2ffonts',
16 silly mapToRegistry   name: '@design/fonts',
16 silly mapToRegistry   rawSpec: '',
16 silly mapToRegistry   spec: 'latest',
16 silly mapToRegistry   type: 'tag' }
17 silly mapToRegistry uri https://registry.npmjs.org/@design%2ffonts
18 verbose request uri https://registry.npmjs.org/@design%2ffonts
19 verbose request no auth needed
20 info attempt registry request try #1 at 1:50:34 PM
21 verbose request id 3c56be1d0dd2769d
22 http request GET https://registry.npmjs.org/@design%2ffonts
23 http 404 https://registry.npmjs.org/@design%2ffonts
24 verbose headers { 'content-type': 'application/json',
24 verbose headers   'cache-control': 'max-age=0',
24 verbose headers   'content-length': '21',
24 verbose headers   'accept-ranges': 'bytes',
24 verbose headers   date: 'Fri, 26 Aug 2016 18:50:35 GMT',
24 verbose headers   via: '1.1 varnish',
24 verbose headers   age: '0',
24 verbose headers   connection: 'keep-alive',
24 verbose headers   'x-served-by': 'cache-ord1724-ORD',
24 verbose headers   'x-cache': 'MISS',
24 verbose headers   'x-cache-hits': '0',
24 verbose headers   'x-timer': 'S1472237435.108524,VS0,VE360' }
25 silly get cb [ 404,
25 silly get   { 'content-type': 'application/json',
25 silly get     'cache-control': 'max-age=0',
25 silly get     'content-length': '21',
25 silly get     'accept-ranges': 'bytes',
25 silly get     date: 'Fri, 26 Aug 2016 18:50:35 GMT',
25 silly get     via: '1.1 varnish',
25 silly get     age: '0',
25 silly get     connection: 'keep-alive',
25 silly get     'x-served-by': 'cache-ord1724-ORD',
25 silly get     'x-cache': 'MISS',
25 silly get     'x-cache-hits': '0',
25 silly get     'x-timer': 'S1472237435.108524,VS0,VE360' } ]
26 silly fetchPackageMetaData Error: Not found : @design/fonts
26 silly fetchPackageMetaData     at makeError (/usr/local/lib/node_modules/npm/node_modules/npm-registry-client/lib/request.js:264:12)
26 silly fetchPackageMetaData     at CachingRegistryClient.<anonymous> (/usr/local/lib/node_modules/npm/node_modules/npm-registry-client/lib/request.js:252:14)
26 silly fetchPackageMetaData     at Request._callback (/usr/local/lib/node_modules/npm/node_modules/npm-registry-client/lib/request.js:172:14)
26 silly fetchPackageMetaData     at Request.self.callback (/usr/local/lib/node_modules/npm/node_modules/request/request.js:200:22)
26 silly fetchPackageMetaData     at emitTwo (events.js:106:13)
26 silly fetchPackageMetaData     at Request.emit (events.js:191:7)
26 silly fetchPackageMetaData     at Request.<anonymous> (/usr/local/lib/node_modules/npm/node_modules/request/request.js:1067:10)
26 silly fetchPackageMetaData     at emitOne (events.js:101:20)
26 silly fetchPackageMetaData     at Request.emit (events.js:188:7)
26 silly fetchPackageMetaData     at IncomingMessage.<anonymous> (/usr/local/lib/node_modules/npm/node_modules/request/request.js:988:12)
26 silly fetchPackageMetaData  error for @design/fonts { Error: Not found : @design/fonts
26 silly fetchPackageMetaData     at makeError (/usr/local/lib/node_modules/npm/node_modules/npm-registry-client/lib/request.js:264:12)
26 silly fetchPackageMetaData     at CachingRegistryClient.<anonymous> (/usr/local/lib/node_modules/npm/node_modules/npm-registry-client/lib/request.js:252:14)
26 silly fetchPackageMetaData     at Request._callback (/usr/local/lib/node_modules/npm/node_modules/npm-registry-client/lib/request.js:172:14)
26 silly fetchPackageMetaData     at Request.self.callback (/usr/local/lib/node_modules/npm/node_modules/request/request.js:200:22)
26 silly fetchPackageMetaData     at emitTwo (events.js:106:13)
26 silly fetchPackageMetaData     at Request.emit (events.js:191:7)
26 silly fetchPackageMetaData     at Request.<anonymous> (/usr/local/lib/node_modules/npm/node_modules/request/request.js:1067:10)
26 silly fetchPackageMetaData     at emitOne (events.js:101:20)
26 silly fetchPackageMetaData     at Request.emit (events.js:188:7)
26 silly fetchPackageMetaData     at IncomingMessage.<anonymous> (/usr/local/lib/node_modules/npm/node_modules/request/request.js:988:12) pkgid: '@design/fonts', statusCode: 404, code: 'E404' }
27 silly rollbackFailedOptional Starting
28 silly rollbackFailedOptional Finishing
29 silly runTopLevelLifecycles Starting
30 silly runTopLevelLifecycles Finishing
31 silly install printInstalled
32 verbose stack Error: Not found : @design/fonts
32 verbose stack     at makeError (/usr/local/lib/node_modules/npm/node_modules/npm-registry-client/lib/request.js:264:12)
32 verbose stack     at CachingRegistryClient.<anonymous> (/usr/local/lib/node_modules/npm/node_modules/npm-registry-client/lib/request.js:252:14)
32 verbose stack     at Request._callback (/usr/local/lib/node_modules/npm/node_modules/npm-registry-client/lib/request.js:172:14)
32 verbose stack     at Request.self.callback (/usr/local/lib/node_modules/npm/node_modules/request/request.js:200:22)
32 verbose stack     at emitTwo (events.js:106:13)
32 verbose stack     at Request.emit (events.js:191:7)
32 verbose stack     at Request.<anonymous> (/usr/local/lib/node_modules/npm/node_modules/request/request.js:1067:10)
32 verbose stack     at emitOne (events.js:101:20)
32 verbose stack     at Request.emit (events.js:188:7)
32 verbose stack     at IncomingMessage.<anonymous> (/usr/local/lib/node_modules/npm/node_modules/request/request.js:988:12)
33 verbose statusCode 404
34 verbose pkgid @design/fonts
35 verbose cwd /Users/ngl/work/cos-docs
36 error Darwin 15.6.0
37 error argv "/usr/local/Cellar/node/6.4.0/bin/node" "/usr/local/bin/npm" "install" "--scope=ibm" "@design/fonts" "--save"
38 error node v6.4.0
39 error npm  v3.10.6
40 error code E404
41 error 404 Not found : @design/fonts
42 error 404
43 error 404 '@design/fonts' is not in the npm registry.
44 error 404 You should bug the author to publish it (or use the name yourself!)
45 error 404 Note that you can also install from a
46 error 404 tarball, folder, http url, or git url.
47 verbose exit [ 1, true ]
